#
# There is insufficient memory for the Java Runtime Environment to continue.
# Native memory allocation (malloc) failed to allocate 1048576 bytes for AllocateHeap
# Possible reasons:
#   The system is out of physical RAM or swap space
#   In 32 bit mode, the process size limit was hit
# Possible solutions:
#   Reduce memory load on the system
#   Increase physical memory or swap space
#   Check if swap backing store is full
#   Use 64 bit Java on a 64 bit OS
#   Decrease Java heap size (-Xmx/-Xms)
#   Decrease number of Java threads
#   Decrease Java thread stack sizes (-Xss)
#   Set larger code cache with -XX:ReservedCodeCacheSize=
# This output file may be truncated or incomplete.
#
#  Out of Memory Error (memory/allocation.inline.hpp:62), pid=6516, tid=3680
#
# JRE version:  (8.0_11-b12) (build )
# Java VM: Java HotSpot(TM) 64-Bit Server VM (25.11-b03 mixed mode windows-amd64 compressed oops)
# Failed to write core dump. Minidumps are not enabled by default on client versions of Windows
#

---------------  T H R E A D  ---------------

Current thread (0x0000000002350800):  JavaThread "Unknown thread" [_thread_in_vm, id=3680, stack(0x00000000021e0000,0x00000000022e0000)]

Stack: [0x00000000021e0000,0x00000000022e0000]
Native frames: (J=compiled Java code, j=interpreted, Vv=VM code, C=native code)
V  [jvm.dll+0x308eca]
V  [jvm.dll+0x25e121]
V  [jvm.dll+0x25ed33]
V  [jvm.dll+0x256705]
V  [jvm.dll+0x3d064f]
V  [jvm.dll+0x3d0fff]
V  [jvm.dll+0x3d1264]
V  [jvm.dll+0x3d1433]
V  [jvm.dll+0xe2462]
V  [jvm.dll+0x1f1439]
V  [jvm.dll+0x2229b4]
V  [jvm.dll+0x14a151]
C  [java.exe+0x207a]
C  [java.exe+0xc9cb]
C  [java.exe+0xca5f]
C  [KERNEL32.DLL+0x13d2]
C  [ntdll.dll+0x15444]


---------------  P R O C E S S  ---------------

Java Threads: ( => current thread )

Other Threads:

=>0x0000000002350800 (exited) JavaThread "Unknown thread" [_thread_in_vm, id=3680, stack(0x00000000021e0000,0x00000000022e0000)]

VM state:not at safepoint (normal execution)

VM Mutex/Monitor currently owned by a thread: None

Heap:
 PSYoungGen      total 1024K, used 20K [0x00000000eab00000, 0x00000000eac80000, 0x0000000100000000)
  eden space 512K, 4% used [0x00000000eab00000,0x00000000eab05288,0x00000000eab80000)
  from space 512K, 0% used [0x00000000eac00000,0x00000000eac00000,0x00000000eac80000)
  to   space 512K, 0% used [0x00000000eab80000,0x00000000eab80000,0x00000000eac00000)
 ParOldGen       total 129536K, used 0K [0x00000000c0000000, 0x00000000c7e80000, 0x00000000eab00000)
  object space 129536K, 0% used [0x00000000c0000000,0x00000000c0000000,0x00000000c7e80000)
 Metaspace       used 674K, capacity 4480K, committed 4480K, reserved 1056768K
  class space    used 66K, capacity 384K, committed 384K, reserved 1048576K

Card table byte_map: [0x00000000118b0000,0x0000000011ac0000] byte_map_base: 0x00000000112b0000

Marking Bits: (ParMarkBitMap*) 0x00000000699912b0
 Begin Bits: [0x0000000012420000, 0x0000000013420000)
 End Bits:   [0x0000000013420000, 0x0000000014420000)

Polling page: 0x00000000008c0000

CodeCache: size=245760Kb used=327Kb max_used=327Kb free=245432Kb
 bounds [0x00000000024f0000, 0x0000000002760000, 0x00000000114f0000]
 total_blobs=56 nmethods=0 adapters=37
 compilation: enabled

Compilation events (0 events):
No events

GC Heap History (0 events):
No events

Deoptimization events (0 events):
No events

Internal exceptions (0 events):
No events

Events (10 events):
Event: 0.026 loading class java/lang/Short
Event: 0.026 loading class java/lang/Short done
Event: 0.026 loading class java/lang/Integer
Event: 0.026 loading class java/lang/Integer done
Event: 0.026 loading class java/lang/Long
Event: 0.026 loading class java/lang/Long done
Event: 0.026 loading class java/lang/NullPointerException
Event: 0.026 loading class java/lang/NullPointerException done
Event: 0.026 loading class java/lang/ArithmeticException
Event: 0.026 loading class java/lang/ArithmeticException done


Dynamic libraries:
0x00007ff7344d0000 - 0x00007ff734504000 	E:\jdk1.8.0_11\bin\java.exe
0x00007ffd4ace0000 - 0x00007ffd4ae8c000 	C:\WINDOWS\SYSTEM32\ntdll.dll
0x00007ffd4a800000 - 0x00007ffd4a93e000 	C:\WINDOWS\system32\KERNEL32.DLL
0x00007ffd481f0000 - 0x00007ffd48305000 	C:\WINDOWS\system32\KERNELBASE.dll
0x00007ffd467c0000 - 0x00007ffd4684e000 	C:\WINDOWS\system32\apphelp.dll
0x00007ffd35460000 - 0x00007ffd354b3000 	C:\WINDOWS\AppPatch\AppPatch64\AcGenral.DLL
0x00007ffd4a750000 - 0x00007ffd4a7fa000 	C:\WINDOWS\system32\msvcrt.dll
0x00007ffd47c70000 - 0x00007ffd47c9e000 	C:\WINDOWS\SYSTEM32\SspiCli.dll
0x00007ffd49b90000 - 0x00007ffd49be4000 	C:\WINDOWS\system32\SHLWAPI.dll
0x00007ffd49ee0000 - 0x00007ffd4a057000 	C:\WINDOWS\system32\USER32.dll
0x00007ffd4a2a0000 - 0x00007ffd4a434000 	C:\WINDOWS\system32\ole32.dll
0x00007ffd48650000 - 0x00007ffd49b69000 	C:\WINDOWS\system32\SHELL32.dll
0x00007ffd47440000 - 0x00007ffd47461000 	C:\WINDOWS\SYSTEM32\USERENV.dll
0x00007ffd49d00000 - 0x00007ffd49daa000 	C:\WINDOWS\system32\ADVAPI32.dll
0x00007ffd3b050000 - 0x00007ffd3b06e000 	C:\WINDOWS\SYSTEM32\MPR.dll
0x00007ffd4a150000 - 0x00007ffd4a291000 	C:\WINDOWS\system32\RPCRT4.dll
0x00007ffd49db0000 - 0x00007ffd49e09000 	C:\WINDOWS\SYSTEM32\sechost.dll
0x00007ffd48430000 - 0x00007ffd48641000 	C:\WINDOWS\SYSTEM32\combase.dll
0x00007ffd4a9b0000 - 0x00007ffd4ab00000 	C:\WINDOWS\system32\GDI32.dll
0x00007ffd47e40000 - 0x00007ffd47e55000 	C:\WINDOWS\SYSTEM32\profapi.dll
0x00007ffd44260000 - 0x00007ffd44312000 	C:\WINDOWS\SYSTEM32\SHCORE.dll
0x00007ffd49bf0000 - 0x00007ffd49c26000 	C:\WINDOWS\system32\IMM32.DLL
0x00007ffd4a5f0000 - 0x00007ffd4a742000 	C:\WINDOWS\system32\MSCTF.dll
0x00007ffd43520000 - 0x00007ffd4379a000 	C:\WINDOWS\WinSxS\amd64_microsoft.windows.common-controls_6595b64144ccf1df_6.0.9600.17810_none_6240b9c7ecbd0bda\COMCTL32.dll
0x0000000069a10000 - 0x0000000069ae2000 	E:\jdk1.8.0_11\jre\bin\msvcr100.dll
0x00000000691e0000 - 0x0000000069a0a000 	E:\jdk1.8.0_11\jre\bin\server\jvm.dll
0x00007ffd40360000 - 0x00007ffd40369000 	C:\WINDOWS\SYSTEM32\WSOCK32.dll
0x00007ffd404a0000 - 0x00007ffd404c2000 	C:\WINDOWS\SYSTEM32\WINMM.dll
0x00007ffd4a060000 - 0x00007ffd4a067000 	C:\WINDOWS\system32\PSAPI.DLL
0x00007ffd4a940000 - 0x00007ffd4a99a000 	C:\WINDOWS\system32\WS2_32.dll
0x00007ffd40470000 - 0x00007ffd4049a000 	C:\WINDOWS\SYSTEM32\WINMMBASE.dll
0x00007ffd4a9a0000 - 0x00007ffd4a9a9000 	C:\WINDOWS\system32\NSI.dll
0x00007ffd47fc0000 - 0x00007ffd4800f000 	C:\WINDOWS\SYSTEM32\cfgmgr32.dll
0x00007ffd46c40000 - 0x00007ffd46c68000 	C:\WINDOWS\SYSTEM32\DEVOBJ.dll
0x00000000691d0000 - 0x00000000691df000 	E:\jdk1.8.0_11\jre\bin\verify.dll
0x00000000691a0000 - 0x00000000691c8000 	E:\jdk1.8.0_11\jre\bin\java.dll
0x0000000069180000 - 0x0000000069196000 	E:\jdk1.8.0_11\jre\bin\zip.dll
0x00007ffd46360000 - 0x00007ffd464e9000 	C:\WINDOWS\SYSTEM32\dbghelp.dll

VM Arguments:
jvm_args: -Xmx1024M -Dfile.encoding=windows-1252 -Duser.country=GB -Duser.language=en -Duser.variant 
java_command: com.android.dx.command.Main --dex --num-threads=4 --output E:\AndroidstudioProjects\PersonsList\app\build\intermediates\dex\debug E:\AndroidstudioProjects\PersonsList\app\build\intermediates\classes\debug E:\AndroidstudioProjects\PersonsList\app\build\intermediates\pre-dexed\debug\support-annotations-22.2.1-ff032f2fe5c16985ef8625a9fff0a0b95c765c4d.jar E:\AndroidstudioProjects\PersonsList\app\build\intermediates\pre-dexed\debug\internal_impl-22.2.1-707b742ba1d68f92e25d3477bc4231a157249f2e.jar E:\AndroidstudioProjects\PersonsList\app\build\intermediates\pre-dexed\debug\classes-4b6510e4da17585218ce49d84c5e9d62aff977d0.jar E:\AndroidstudioProjects\PersonsList\app\build\intermediates\pre-dexed\debug\classes-46d8731feb4767a9f9da7ad0c4c396af05972811.jar
java_class_path (initial): E:\Android\sdk\build-tools\23.0.0-preview\lib\dx.jar
Launcher Type: SUN_STANDARD

Environment Variables:
JAVA_HOME=C:\Program Files\Java\jdk1.7.0_71
CLASSPATH=.;C:\Program Files (x86)\Java\jre7\lib\ext\QTJava.zip
PATH=C:\Python27\;C:\Python27\Scripts;E:\ImageMagick-6.9.1-Q16;C:\Program Files (x86)\NVIDIA Corporation\PhysX\Common;C:\ProgramData\Oracle\Java\javapath;C:\WINDOWS\system32;C:\WINDOWS;C:\WINDOWS\System32\Wbem;C:\WINDOWS\System32\WindowsPowerShell\v1.0\;C:\Program Files (x86)\QuickTime\QTSystem\;C:\ant\apache-ant-1.9.4\bin;E:\gradle-2.3-all\gradle-2.3\bin;C:\Program Files\nodejs\;C:\Program Files (x86)\Skype\Phone\;C:\Program Files\Java\jdk1.7.0_71\bin;E:\mysql\mysql\bin;C:\Users\Julia\AppData\Local\atom\bin;C:\Users\Julia\AppData\Roaming\npm
USERNAME=Julik
OS=Windows_NT
PROCESSOR_IDENTIFIER=Intel64 Family 6 Model 58 Stepping 9, GenuineIntel



---------------  S Y S T E M  ---------------

OS: Windows 8.1 , 64 bit Build 9600 

CPU:total 8 (4 cores per cpu, 2 threads per core) family 6 model 58 stepping 9, cmov, cx8, fxsr, mmx, sse, sse2, sse3, ssse3, sse4.1, sse4.2, popcnt, avx, aes, clmul, erms, ht, tsc, tscinvbit

Memory: 4k page, physical 8341316k(1643476k free), swap 11487044k(5136k free)

vm_info: Java HotSpot(TM) 64-Bit Server VM (25.11-b03) for windows-amd64 JRE (1.8.0_11-b12), built on Jun 16 2014 20:57:32 by "java_re" with MS VC++ 10.0 (VS2010)

time: Sat Aug 01 22:19:39 2015
elapsed time: 0 seconds

